INFO - 2024-11-07 00:03:07 --> Session: Class initialized using 'CodeIgniter\Session\Handlers\FileHandler' driver.
INFO - 2024-11-07 00:04:22 --> Session: Class initialized using 'CodeIgniter\Session\Handlers\FileHandler' driver.
INFO - 2024-11-07 00:04:27 --> Session: Class initialized using 'CodeIgniter\Session\Handlers\FileHandler' driver.
CRITICAL - 2024-11-07 00:04:27 --> ErrorException: Undefined variable $jumlah_surat
[Method: GET, Route: home/buat]
in APPPATH\Views\layout\v_sidebar.php on line 81.
 1 APPPATH\Views\layout\v_sidebar.php(81): CodeIgniter\Debug\Exceptions->errorHandler(2, 'Undefined variable $jumlah_surat', 'C:\\xampp\\htdocs\\Nodin\\app\\Views\\layout\\v_sidebar.php', 81)
 2 SYSTEMPATH\View\View.php(234): include('C:\\xampp\\htdocs\\Nodin\\app\\Views\\layout\\v_sidebar.php')
 3 SYSTEMPATH\View\View.php(237): CodeIgniter\View\View->CodeIgniter\View\{closure}()
 4 SYSTEMPATH\Common.php(1171): CodeIgniter\View\View->render('layout/v_sidebar', [], true)
 5 APPPATH\Views\layout\v_wrapper.php(6): view('layout/v_sidebar')
 6 SYSTEMPATH\View\View.php(234): include('C:\\xampp\\htdocs\\Nodin\\app\\Views\\layout\\v_wrapper.php')
 7 SYSTEMPATH\View\View.php(237): CodeIgniter\View\View->CodeIgniter\View\{closure}()
 8 SYSTEMPATH\Common.php(1171): CodeIgniter\View\View->render('layout/v_wrapper', [], true)
 9 APPPATH\Controllers\Home.php(47): view('layout/v_wrapper', [...])
10 SYSTEMPATH\CodeIgniter.php(933): App\Controllers\Home->buat()
11 SYSTEMPATH\CodeIgniter.php(509): CodeIgniter\CodeIgniter->runController(Object(App\Controllers\Home))
12 SYSTEMPATH\CodeIgniter.php(355): CodeIgniter\CodeIgniter->handleRequest(null, Object(Config\Cache), false)
13 SYSTEMPATH\Boot.php(325): CodeIgniter\CodeIgniter->run()
14 SYSTEMPATH\Boot.php(67): CodeIgniter\Boot::runCodeIgniter(Object(CodeIgniter\CodeIgniter))
15 FCPATH\index.php(56): CodeIgniter\Boot::bootWeb(Object(Config\Paths))
INFO - 2024-11-07 00:04:34 --> Session: Class initialized using 'CodeIgniter\Session\Handlers\FileHandler' driver.
INFO - 2024-11-07 00:04:36 --> Session: Class initialized using 'CodeIgniter\Session\Handlers\FileHandler' driver.
CRITICAL - 2024-11-07 00:04:36 --> ErrorException: Undefined variable $jumlah_surat
[Method: GET, Route: home/buat]
in APPPATH\Views\layout\v_sidebar.php on line 81.
 1 APPPATH\Views\layout\v_sidebar.php(81): CodeIgniter\Debug\Exceptions->errorHandler(2, 'Undefined variable $jumlah_surat', 'C:\\xampp\\htdocs\\Nodin\\app\\Views\\layout\\v_sidebar.php', 81)
 2 SYSTEMPATH\View\View.php(234): include('C:\\xampp\\htdocs\\Nodin\\app\\Views\\layout\\v_sidebar.php')
 3 SYSTEMPATH\View\View.php(237): CodeIgniter\View\View->CodeIgniter\View\{closure}()
 4 SYSTEMPATH\Common.php(1171): CodeIgniter\View\View->render('layout/v_sidebar', [], true)
 5 APPPATH\Views\layout\v_wrapper.php(6): view('layout/v_sidebar')
 6 SYSTEMPATH\View\View.php(234): include('C:\\xampp\\htdocs\\Nodin\\app\\Views\\layout\\v_wrapper.php')
 7 SYSTEMPATH\View\View.php(237): CodeIgniter\View\View->CodeIgniter\View\{closure}()
 8 SYSTEMPATH\Common.php(1171): CodeIgniter\View\View->render('layout/v_wrapper', [], true)
 9 APPPATH\Controllers\Home.php(47): view('layout/v_wrapper', [...])
10 SYSTEMPATH\CodeIgniter.php(933): App\Controllers\Home->buat()
11 SYSTEMPATH\CodeIgniter.php(509): CodeIgniter\CodeIgniter->runController(Object(App\Controllers\Home))
12 SYSTEMPATH\CodeIgniter.php(355): CodeIgniter\CodeIgniter->handleRequest(null, Object(Config\Cache), false)
13 SYSTEMPATH\Boot.php(325): CodeIgniter\CodeIgniter->run()
14 SYSTEMPATH\Boot.php(67): CodeIgniter\Boot::runCodeIgniter(Object(CodeIgniter\CodeIgniter))
15 FCPATH\index.php(56): CodeIgniter\Boot::bootWeb(Object(Config\Paths))
INFO - 2024-11-07 00:04:37 --> Session: Class initialized using 'CodeIgniter\Session\Handlers\FileHandler' driver.
INFO - 2024-11-07 00:06:09 --> Session: Class initialized using 'CodeIgniter\Session\Handlers\FileHandler' driver.
INFO - 2024-11-07 00:06:11 --> Session: Class initialized using 'CodeIgniter\Session\Handlers\FileHandler' driver.
CRITICAL - 2024-11-07 00:06:11 --> ErrorException: Undefined variable $jumlah_surat
[Method: GET, Route: home/buat]
in APPPATH\Views\layout\v_sidebar.php on line 81.
 1 APPPATH\Views\layout\v_sidebar.php(81): CodeIgniter\Debug\Exceptions->errorHandler(2, 'Undefined variable $jumlah_surat', 'C:\\xampp\\htdocs\\Nodin\\app\\Views\\layout\\v_sidebar.php', 81)
 2 SYSTEMPATH\View\View.php(234): include('C:\\xampp\\htdocs\\Nodin\\app\\Views\\layout\\v_sidebar.php')
 3 SYSTEMPATH\View\View.php(237): CodeIgniter\View\View->CodeIgniter\View\{closure}()
 4 SYSTEMPATH\Common.php(1171): CodeIgniter\View\View->render('layout/v_sidebar', [], true)
 5 APPPATH\Views\layout\v_wrapper.php(6): view('layout/v_sidebar')
 6 SYSTEMPATH\View\View.php(234): include('C:\\xampp\\htdocs\\Nodin\\app\\Views\\layout\\v_wrapper.php')
 7 SYSTEMPATH\View\View.php(237): CodeIgniter\View\View->CodeIgniter\View\{closure}()
 8 SYSTEMPATH\Common.php(1171): CodeIgniter\View\View->render('layout/v_wrapper', [], true)
 9 APPPATH\Controllers\Home.php(47): view('layout/v_wrapper', [...])
10 SYSTEMPATH\CodeIgniter.php(933): App\Controllers\Home->buat()
11 SYSTEMPATH\CodeIgniter.php(509): CodeIgniter\CodeIgniter->runController(Object(App\Controllers\Home))
12 SYSTEMPATH\CodeIgniter.php(355): CodeIgniter\CodeIgniter->handleRequest(null, Object(Config\Cache), false)
13 SYSTEMPATH\Boot.php(325): CodeIgniter\CodeIgniter->run()
14 SYSTEMPATH\Boot.php(67): CodeIgniter\Boot::runCodeIgniter(Object(CodeIgniter\CodeIgniter))
15 FCPATH\index.php(56): CodeIgniter\Boot::bootWeb(Object(Config\Paths))
INFO - 2024-11-07 00:06:17 --> Session: Class initialized using 'CodeIgniter\Session\Handlers\FileHandler' driver.
INFO - 2024-11-07 00:06:38 --> Session: Class initialized using 'CodeIgniter\Session\Handlers\FileHandler' driver.
INFO - 2024-11-07 00:06:42 --> Session: Class initialized using 'CodeIgniter\Session\Handlers\FileHandler' driver.
CRITICAL - 2024-11-07 00:06:42 --> ErrorException: Undefined variable $jumlah_surat
[Method: GET, Route: home/buat]
in APPPATH\Views\layout\v_sidebar.php on line 81.
 1 APPPATH\Views\layout\v_sidebar.php(81): CodeIgniter\Debug\Exceptions->errorHandler(2, 'Undefined variable $jumlah_surat', 'C:\\xampp\\htdocs\\Nodin\\app\\Views\\layout\\v_sidebar.php', 81)
 2 SYSTEMPATH\View\View.php(234): include('C:\\xampp\\htdocs\\Nodin\\app\\Views\\layout\\v_sidebar.php')
 3 SYSTEMPATH\View\View.php(237): CodeIgniter\View\View->CodeIgniter\View\{closure}()
 4 SYSTEMPATH\Common.php(1171): CodeIgniter\View\View->render('layout/v_sidebar', [], true)
 5 APPPATH\Views\layout\v_wrapper.php(6): view('layout/v_sidebar')
 6 SYSTEMPATH\View\View.php(234): include('C:\\xampp\\htdocs\\Nodin\\app\\Views\\layout\\v_wrapper.php')
 7 SYSTEMPATH\View\View.php(237): CodeIgniter\View\View->CodeIgniter\View\{closure}()
 8 SYSTEMPATH\Common.php(1171): CodeIgniter\View\View->render('layout/v_wrapper', [], true)
 9 APPPATH\Controllers\Home.php(47): view('layout/v_wrapper', [...])
10 SYSTEMPATH\CodeIgniter.php(933): App\Controllers\Home->buat()
11 SYSTEMPATH\CodeIgniter.php(509): CodeIgniter\CodeIgniter->runController(Object(App\Controllers\Home))
12 SYSTEMPATH\CodeIgniter.php(355): CodeIgniter\CodeIgniter->handleRequest(null, Object(Config\Cache), false)
13 SYSTEMPATH\Boot.php(325): CodeIgniter\CodeIgniter->run()
14 SYSTEMPATH\Boot.php(67): CodeIgniter\Boot::runCodeIgniter(Object(CodeIgniter\CodeIgniter))
15 FCPATH\index.php(56): CodeIgniter\Boot::bootWeb(Object(Config\Paths))
INFO - 2024-11-07 00:06:49 --> Session: Class initialized using 'CodeIgniter\Session\Handlers\FileHandler' driver.
CRITICAL - 2024-11-07 00:06:49 --> ErrorException: Undefined variable $jumlah_surat
[Method: GET, Route: home/buat]
in APPPATH\Views\layout\v_sidebar.php on line 81.
 1 APPPATH\Views\layout\v_sidebar.php(81): CodeIgniter\Debug\Exceptions->errorHandler(2, 'Undefined variable $jumlah_surat', 'C:\\xampp\\htdocs\\Nodin\\app\\Views\\layout\\v_sidebar.php', 81)
 2 SYSTEMPATH\View\View.php(234): include('C:\\xampp\\htdocs\\Nodin\\app\\Views\\layout\\v_sidebar.php')
 3 SYSTEMPATH\View\View.php(237): CodeIgniter\View\View->CodeIgniter\View\{closure}()
 4 SYSTEMPATH\Common.php(1171): CodeIgniter\View\View->render('layout/v_sidebar', [], true)
 5 APPPATH\Views\layout\v_wrapper.php(6): view('layout/v_sidebar')
 6 SYSTEMPATH\View\View.php(234): include('C:\\xampp\\htdocs\\Nodin\\app\\Views\\layout\\v_wrapper.php')
 7 SYSTEMPATH\View\View.php(237): CodeIgniter\View\View->CodeIgniter\View\{closure}()
 8 SYSTEMPATH\Common.php(1171): CodeIgniter\View\View->render('layout/v_wrapper', [], true)
 9 APPPATH\Controllers\Home.php(47): view('layout/v_wrapper', [...])
10 SYSTEMPATH\CodeIgniter.php(933): App\Controllers\Home->buat()
11 SYSTEMPATH\CodeIgniter.php(509): CodeIgniter\CodeIgniter->runController(Object(App\Controllers\Home))
12 SYSTEMPATH\CodeIgniter.php(355): CodeIgniter\CodeIgniter->handleRequest(null, Object(Config\Cache), false)
13 SYSTEMPATH\Boot.php(325): CodeIgniter\CodeIgniter->run()
14 SYSTEMPATH\Boot.php(67): CodeIgniter\Boot::runCodeIgniter(Object(CodeIgniter\CodeIgniter))
15 FCPATH\index.php(56): CodeIgniter\Boot::bootWeb(Object(Config\Paths))
INFO - 2024-11-07 00:06:50 --> Session: Class initialized using 'CodeIgniter\Session\Handlers\FileHandler' driver.
CRITICAL - 2024-11-07 00:06:50 --> ErrorException: Undefined variable $jumlah_surat
[Method: GET, Route: home/buat]
in APPPATH\Views\layout\v_sidebar.php on line 81.
 1 APPPATH\Views\layout\v_sidebar.php(81): CodeIgniter\Debug\Exceptions->errorHandler(2, 'Undefined variable $jumlah_surat', 'C:\\xampp\\htdocs\\Nodin\\app\\Views\\layout\\v_sidebar.php', 81)
 2 SYSTEMPATH\View\View.php(234): include('C:\\xampp\\htdocs\\Nodin\\app\\Views\\layout\\v_sidebar.php')
 3 SYSTEMPATH\View\View.php(237): CodeIgniter\View\View->CodeIgniter\View\{closure}()
 4 SYSTEMPATH\Common.php(1171): CodeIgniter\View\View->render('layout/v_sidebar', [], true)
 5 APPPATH\Views\layout\v_wrapper.php(6): view('layout/v_sidebar')
 6 SYSTEMPATH\View\View.php(234): include('C:\\xampp\\htdocs\\Nodin\\app\\Views\\layout\\v_wrapper.php')
 7 SYSTEMPATH\View\View.php(237): CodeIgniter\View\View->CodeIgniter\View\{closure}()
 8 SYSTEMPATH\Common.php(1171): CodeIgniter\View\View->render('layout/v_wrapper', [], true)
 9 APPPATH\Controllers\Home.php(47): view('layout/v_wrapper', [...])
10 SYSTEMPATH\CodeIgniter.php(933): App\Controllers\Home->buat()
11 SYSTEMPATH\CodeIgniter.php(509): CodeIgniter\CodeIgniter->runController(Object(App\Controllers\Home))
12 SYSTEMPATH\CodeIgniter.php(355): CodeIgniter\CodeIgniter->handleRequest(null, Object(Config\Cache), false)
13 SYSTEMPATH\Boot.php(325): CodeIgniter\CodeIgniter->run()
14 SYSTEMPATH\Boot.php(67): CodeIgniter\Boot::runCodeIgniter(Object(CodeIgniter\CodeIgniter))
15 FCPATH\index.php(56): CodeIgniter\Boot::bootWeb(Object(Config\Paths))
