CRITICAL - 2024-10-19 12:43:46 --> CodeIgniter\View\Exceptions\ViewException: Invalid file: "layout/v_sidebr.php"
[Method: GET, Route: /]
in SYSTEMPATH\Exceptions\FrameworkException.php on line 41.
 1 SYSTEMPATH\View\View.php(222): CodeIgniter\Exceptions\FrameworkException::forInvalidFile('layout/v_sidebr.php')
 2 SYSTEMPATH\Common.php(1171): CodeIgniter\View\View->render('layout/v_sidebr', [], true)
 3 APPPATH\Views\layout\v_wrapper.php(5): view('layout/v_sidebr')
 4 SYSTEMPATH\View\View.php(234): include('C:\\xampp\\htdocs\\TRY1\\app\\Views\\layout\\v_wrapper.php')
 5 SYSTEMPATH\View\View.php(237): CodeIgniter\View\View->CodeIgniter\View\{closure}()
 6 SYSTEMPATH\Common.php(1171): CodeIgniter\View\View->render('layout/v_wrapper', [], true)
 7 APPPATH\Controllers\Home.php(12): view('layout/v_wrapper', [...])
 8 SYSTEMPATH\CodeIgniter.php(933): App\Controllers\Home->index()
 9 SYSTEMPATH\CodeIgniter.php(509): CodeIgniter\CodeIgniter->runController(Object(App\Controllers\Home))
10 SYSTEMPATH\CodeIgniter.php(355): CodeIgniter\CodeIgniter->handleRequest(null, Object(Config\Cache), false)
11 SYSTEMPATH\Boot.php(325): CodeIgniter\CodeIgniter->run()
12 SYSTEMPATH\Boot.php(67): CodeIgniter\Boot::runCodeIgniter(Object(CodeIgniter\CodeIgniter))
13 FCPATH\index.php(56): CodeIgniter\Boot::bootWeb(Object(Config\Paths))
CRITICAL - 2024-10-19 14:56:36 --> CodeIgniter\View\Exceptions\ViewException: Invalid file: "surat/buat_surat.php"
[Method: GET, Route: /]
in SYSTEMPATH\Exceptions\FrameworkException.php on line 41.
 1 SYSTEMPATH\View\View.php(222): CodeIgniter\Exceptions\FrameworkException::forInvalidFile('surat/buat_surat.php')
 2 SYSTEMPATH\Common.php(1171): CodeIgniter\View\View->render('surat/buat_surat', [], true)
 3 APPPATH\Views\layout\v_content.php(3): view('surat/buat_surat')
 4 SYSTEMPATH\View\View.php(234): include('C:\\xampp\\htdocs\\TRY1\\app\\Views\\layout\\v_content.php')
 5 SYSTEMPATH\View\View.php(237): CodeIgniter\View\View->CodeIgniter\View\{closure}()
 6 SYSTEMPATH\Common.php(1171): CodeIgniter\View\View->render('layout/v_content', [], true)
 7 APPPATH\Views\layout\v_wrapper.php(4): view('layout/v_content')
 8 SYSTEMPATH\View\View.php(234): include('C:\\xampp\\htdocs\\TRY1\\app\\Views\\layout\\v_wrapper.php')
 9 SYSTEMPATH\View\View.php(237): CodeIgniter\View\View->CodeIgniter\View\{closure}()
10 SYSTEMPATH\Common.php(1171): CodeIgniter\View\View->render('layout/v_wrapper', [], true)
11 APPPATH\Controllers\Home.php(12): view('layout/v_wrapper', [...])
12 SYSTEMPATH\CodeIgniter.php(933): App\Controllers\Home->index()
13 SYSTEMPATH\CodeIgniter.php(509): CodeIgniter\CodeIgniter->runController(Object(App\Controllers\Home))
14 SYSTEMPATH\CodeIgniter.php(355): CodeIgniter\CodeIgniter->handleRequest(null, Object(Config\Cache), false)
15 SYSTEMPATH\Boot.php(325): CodeIgniter\CodeIgniter->run()
16 SYSTEMPATH\Boot.php(67): CodeIgniter\Boot::runCodeIgniter(Object(CodeIgniter\CodeIgniter))
17 FCPATH\index.php(56): CodeIgniter\Boot::bootWeb(Object(Config\Paths))
CRITICAL - 2024-10-19 15:09:12 --> CodeIgniter\View\Exceptions\ViewException: Invalid file: "admin/v_dahboard.php"
[Method: GET, Route: /]
in SYSTEMPATH\Exceptions\FrameworkException.php on line 41.
 1 SYSTEMPATH\View\View.php(222): CodeIgniter\Exceptions\FrameworkException::forInvalidFile('admin/v_dahboard.php')
 2 SYSTEMPATH\Common.php(1171): CodeIgniter\View\View->render('admin/v_dahboard', [], true)
 3 APPPATH\Views\layout\v_content.php(3): view('admin/v_dahboard')
 4 SYSTEMPATH\View\View.php(234): include('C:\\xampp\\htdocs\\TRY1\\app\\Views\\layout\\v_content.php')
 5 SYSTEMPATH\View\View.php(237): CodeIgniter\View\View->CodeIgniter\View\{closure}()
 6 SYSTEMPATH\Common.php(1171): CodeIgniter\View\View->render('layout/v_content', [], true)
 7 APPPATH\Views\layout\v_wrapper.php(4): view('layout/v_content')
 8 SYSTEMPATH\View\View.php(234): include('C:\\xampp\\htdocs\\TRY1\\app\\Views\\layout\\v_wrapper.php')
 9 SYSTEMPATH\View\View.php(237): CodeIgniter\View\View->CodeIgniter\View\{closure}()
10 SYSTEMPATH\Common.php(1171): CodeIgniter\View\View->render('layout/v_wrapper', [], true)
11 APPPATH\Controllers\Home.php(12): view('layout/v_wrapper', [...])
12 SYSTEMPATH\CodeIgniter.php(933): App\Controllers\Home->index()
13 SYSTEMPATH\CodeIgniter.php(509): CodeIgniter\CodeIgniter->runController(Object(App\Controllers\Home))
14 SYSTEMPATH\CodeIgniter.php(355): CodeIgniter\CodeIgniter->handleRequest(null, Object(Config\Cache), false)
15 SYSTEMPATH\Boot.php(325): CodeIgniter\CodeIgniter->run()
16 SYSTEMPATH\Boot.php(67): CodeIgniter\Boot::runCodeIgniter(Object(CodeIgniter\CodeIgniter))
17 FCPATH\index.php(56): CodeIgniter\Boot::bootWeb(Object(Config\Paths))
